<?xml version="1.0" encoding="UTF-8"?>
<testng-results skipped="0" failed="0" ignored="0" total="1" passed="1">
  <reporter-output>
  </reporter-output>
  <suite name="Default suite" duration-ms="83846" started-at="2019-09-11T14:38:30Z" finished-at="2019-09-11T14:39:54Z">
    <groups>
    </groups>
    <test name="Default test" duration-ms="83846" started-at="2019-09-11T14:38:30Z" finished-at="2019-09-11T14:39:54Z">
      <class name="acamicaTests.Exercise1_Test">
        <test-method status="PASS" signature="setUp()[pri:0, instance:acamicaTests.Exercise1_Test@40ef3420]" name="setUp" is-config="true" duration-ms="29789" started-at="2019-09-11T14:38:54Z" finished-at="2019-09-11T14:39:24Z">
          <reporter-output>
          </reporter-output>
        </test-method> <!-- setUp -->
        <test-method status="PASS" signature="Exercise1(java.lang.String, java.lang.String, java.lang.String, java.lang.String, java.lang.String, java.lang.String)[pri:1, instance:acamicaTests.Exercise1_Test@40ef3420]" name="Exercise1" duration-ms="29785" started-at="2019-09-11T14:39:24Z" data-provider="testData" finished-at="2019-09-11T14:39:53Z">
          <params>
            <param index="0">
              <value>
                <![CDATA[LAX]]>
              </value>
            </param>
            <param index="1">
              <value>
                <![CDATA[LAS]]>
              </value>
            </param>
            <param index="2">
              <value>
                <![CDATA[1]]>
              </value>
            </param>
            <param index="3">
              <value>
                <![CDATA[11/10/2019]]>
              </value>
            </param>
            <param index="4">
              <value>
                <![CDATA[11/20/2019]]>
              </value>
            </param>
            <param index="5">
              <value>
                <![CDATA[duration:asc]]>
              </value>
            </param>
          </params>
          <reporter-output>
          </reporter-output>
        </test-method> <!-- Exercise1 -->
        <test-method status="PASS" signature="tearDown()[pri:0, instance:acamicaTests.Exercise1_Test@40ef3420]" name="tearDown" is-config="true" duration-ms="981" started-at="2019-09-11T14:39:53Z" finished-at="2019-09-11T14:39:54Z">
          <reporter-output>
          </reporter-output>
        </test-method> <!-- tearDown -->
      </class> <!-- acamicaTests.Exercise1_Test -->
    </test> <!-- Default test -->
  </suite> <!-- Default suite -->
</testng-results>
