<?xml version="1.0" encoding="UTF-8"?>
<testng-results skipped="0" failed="0" ignored="0" total="1" passed="1">
  <reporter-output>
  </reporter-output>
  <suite name="Default suite" duration-ms="438777" started-at="2019-08-16T20:15:52Z" finished-at="2019-08-16T20:23:11Z">
    <groups>
    </groups>
    <test name="Default test" duration-ms="438777" started-at="2019-08-16T20:15:52Z" finished-at="2019-08-16T20:23:11Z">
      <class name="acamicaTests.SearchTest">
        <test-method status="PASS" signature="setUp()[pri:0, instance:acamicaTests.SearchTest@40ef3420]" name="setUp" is-config="true" duration-ms="20144" started-at="2019-08-16T20:15:53Z" finished-at="2019-08-16T20:16:13Z">
          <reporter-output>
          </reporter-output>
        </test-method> <!-- setUp -->
        <test-method status="PASS" signature="searchF(java.lang.String, java.lang.String, java.lang.String, java.lang.String, java.lang.String)[pri:0, instance:acamicaTests.SearchTest@40ef3420]" name="searchF" duration-ms="416822" started-at="2019-08-16T20:16:13Z" data-provider="testdataSearch" finished-at="2019-08-16T20:23:10Z">
          <params>
            <param index="0">
              <value>
                <![CDATA[LAX]]>
              </value>
            </param>
            <param index="1">
              <value>
                <![CDATA[LAS]]>
              </value>
            </param>
            <param index="2">
              <value>
                <![CDATA[1]]>
              </value>
            </param>
            <param index="3">
              <value>
                <![CDATA[10/16/2019]]>
              </value>
            </param>
            <param index="4">
              <value>
                <![CDATA[10/25/2019]]>
              </value>
            </param>
          </params>
          <reporter-output>
          </reporter-output>
        </test-method> <!-- searchF -->
        <test-method status="PASS" signature="tearDown()[pri:0, instance:acamicaTests.SearchTest@40ef3420]" name="tearDown" is-config="true" duration-ms="780" started-at="2019-08-16T20:23:10Z" finished-at="2019-08-16T20:23:11Z">
          <reporter-output>
          </reporter-output>
        </test-method> <!-- tearDown -->
      </class> <!-- acamicaTests.SearchTest -->
    </test> <!-- Default test -->
  </suite> <!-- Default suite -->
</testng-results>
